0 info it worked if it ends with ok
1 verbose cli [ '/usr/local/Cellar/node/6.2.2/bin/node',
1 verbose cli   '/usr/local/bin/npm',
1 verbose cli   'run',
1 verbose cli   'coveralls' ]
2 info using npm@3.10.5
3 info using node@v6.2.2
4 verbose run-script [ 'precoveralls', 'coveralls', 'postcoveralls' ]
5 info lifecycle @jdes/mutex@1.0.0~precoveralls: @jdes/mutex@1.0.0
6 silly lifecycle @jdes/mutex@1.0.0~precoveralls: no script for precoveralls, continuing
7 info lifecycle @jdes/mutex@1.0.0~coveralls: @jdes/mutex@1.0.0
8 verbose lifecycle @jdes/mutex@1.0.0~coveralls: unsafe-perm in lifecycle true
9 verbose lifecycle @jdes/mutex@1.0.0~coveralls: PATH: /usr/local/lib/node_modules/npm/bin/node-gyp-bin:/Users/Jean/Projets/NodeJS/packages/mutex/node_modules/.bin:/usr/local/Cellar/node/6.2.2/bin:/Applications/MAMP/bin/php/php7.0.0/bin:/Users/Jean/Projets/Shell:/usr/local/sbin:/usr/local/bin:/usr/bin:/bin:/usr/sbin:/sbin
10 verbose lifecycle @jdes/mutex@1.0.0~coveralls: CWD: /Users/Jean/Projets/NodeJS/packages/mutex
11 silly lifecycle @jdes/mutex@1.0.0~coveralls: Args: [ '-c',
11 silly lifecycle   'cat ./coverage/lcov.info | ./node_modules/.bin/coveralls' ]
12 silly lifecycle @jdes/mutex@1.0.0~coveralls: Returned: code: 1  signal: null
13 info lifecycle @jdes/mutex@1.0.0~coveralls: Failed to exec coveralls script
14 verbose stack Error: @jdes/mutex@1.0.0 coveralls: `cat ./coverage/lcov.info | ./node_modules/.bin/coveralls`
14 verbose stack Exit status 1
14 verbose stack     at EventEmitter.<anonymous> (/usr/local/lib/node_modules/npm/lib/utils/lifecycle.js:242:16)
14 verbose stack     at emitTwo (events.js:106:13)
14 verbose stack     at EventEmitter.emit (events.js:191:7)
14 verbose stack     at ChildProcess.<anonymous> (/usr/local/lib/node_modules/npm/lib/utils/spawn.js:40:14)
14 verbose stack     at emitTwo (events.js:106:13)
14 verbose stack     at ChildProcess.emit (events.js:191:7)
14 verbose stack     at maybeClose (internal/child_process.js:852:16)
14 verbose stack     at Process.ChildProcess._handle.onexit (internal/child_process.js:215:5)
15 verbose pkgid @jdes/mutex@1.0.0
16 verbose cwd /Users/Jean/Projets/NodeJS/packages/mutex
17 error Darwin 15.6.0
18 error argv "/usr/local/Cellar/node/6.2.2/bin/node" "/usr/local/bin/npm" "run" "coveralls"
19 error node v6.2.2
20 error npm  v3.10.5
21 error code ELIFECYCLE
22 error @jdes/mutex@1.0.0 coveralls: `cat ./coverage/lcov.info | ./node_modules/.bin/coveralls`
22 error Exit status 1
23 error Failed at the @jdes/mutex@1.0.0 coveralls script 'cat ./coverage/lcov.info | ./node_modules/.bin/coveralls'.
23 error Make sure you have the latest version of node.js and npm installed.
23 error If you do, this is most likely a problem with the @jdes/mutex package,
23 error not with npm itself.
23 error Tell the author that this fails on your system:
23 error     cat ./coverage/lcov.info | ./node_modules/.bin/coveralls
23 error You can get information on how to open an issue for this project with:
23 error     npm bugs @jdes/mutex
23 error Or if that isn't available, you can get their info via:
23 error     npm owner ls @jdes/mutex
23 error There is likely additional logging output above.
24 verbose exit [ 1, true ]
